<?xml version="1.0" encoding="UTF-8"?>
<testng-results ignored="0" total="2" passed="2" failed="0" skipped="0">
  <reporter-output>
  </reporter-output>
  <suite started-at="2025-08-22T12:56:00 BDT" name="Suite" finished-at="2025-08-22T12:56:11 BDT" duration-ms="10803">
    <groups>
      <group name="Master">
        <method signature="TestAccountLoginPage_TC002.verifyLogin()[pri:0, instance:TestCases.TestAccountLoginPage_TC002@1b835480]" name="verifyLogin" class="TestCases.TestAccountLoginPage_TC002"/>
        <method signature="TestAccountRegistrationPage_TC001.verifyAccounRegistration()[pri:0, instance:TestCases.TestAccountRegistrationPage_TC001@3568f9d2]" name="verifyAccounRegistration" class="TestCases.TestAccountRegistrationPage_TC001"/>
      </group> <!-- Master -->
      <group name="Sanity">
        <method signature="TestAccountLoginPage_TC002.verifyLogin()[pri:0, instance:TestCases.TestAccountLoginPage_TC002@1b835480]" name="verifyLogin" class="TestCases.TestAccountLoginPage_TC002"/>
      </group> <!-- Sanity -->
      <group name="Regression">
        <method signature="TestAccountRegistrationPage_TC001.verifyAccounRegistration()[pri:0, instance:TestCases.TestAccountRegistrationPage_TC001@3568f9d2]" name="verifyAccounRegistration" class="TestCases.TestAccountRegistrationPage_TC001"/>
      </group> <!-- Regression -->
    </groups>
    <test started-at="2025-08-22T12:56:00 BDT" name="Linux-Chrome" finished-at="2025-08-22T12:56:11 BDT" duration-ms="10803">
      <class name="TestCases.TestAccountRegistrationPage_TC001">
        <test-method is-config="true" signature="setup(java.lang.String,java.lang.String)[pri:0, instance:TestCases.TestAccountRegistrationPage_TC001@3568f9d2]" started-at="2025-08-22T12:56:00 BDT" name="setup" finished-at="2025-08-22T12:56:03 BDT" duration-ms="2401" status="PASS">
          <params>
            <param index="0">
              <value>
                <![CDATA[Linux]]>
              </value>
            </param>
            <param index="1">
              <value>
                <![CDATA[chrome]]>
              </value>
            </param>
          </params>
          <reporter-output>
          </reporter-output>
        </test-method> <!-- setup -->
        <test-method signature="verifyAccounRegistration()[pri:0, instance:TestCases.TestAccountRegistrationPage_TC001@3568f9d2]" started-at="2025-08-22T12:56:03 BDT" name="verifyAccounRegistration" finished-at="2025-08-22T12:56:07 BDT" duration-ms="4540" status="PASS">
          <reporter-output>
          </reporter-output>
        </test-method> <!-- verifyAccounRegistration -->
        <test-method is-config="true" signature="tearDown()[pri:0, instance:TestCases.TestAccountRegistrationPage_TC001@3568f9d2]" started-at="2025-08-22T12:56:07 BDT" name="tearDown" finished-at="2025-08-22T12:56:08 BDT" duration-ms="423" status="PASS">
          <reporter-output>
          </reporter-output>
        </test-method> <!-- tearDown -->
      </class> <!-- TestCases.TestAccountRegistrationPage_TC001 -->
      <class name="TestCases.TestAccountLoginPage_TC002">
        <test-method is-config="true" signature="setup(java.lang.String,java.lang.String)[pri:0, instance:TestCases.TestAccountLoginPage_TC002@1b835480]" started-at="2025-08-22T12:56:08 BDT" name="setup" finished-at="2025-08-22T12:56:09 BDT" duration-ms="1482" status="PASS">
          <params>
            <param index="0">
              <value>
                <![CDATA[Linux]]>
              </value>
            </param>
            <param index="1">
              <value>
                <![CDATA[chrome]]>
              </value>
            </param>
          </params>
          <reporter-output>
          </reporter-output>
        </test-method> <!-- setup -->
        <test-method signature="verifyLogin()[pri:0, instance:TestCases.TestAccountLoginPage_TC002@1b835480]" started-at="2025-08-22T12:56:09 BDT" name="verifyLogin" finished-at="2025-08-22T12:56:10 BDT" duration-ms="1443" status="PASS">
          <reporter-output>
          </reporter-output>
        </test-method> <!-- verifyLogin -->
        <test-method is-config="true" signature="tearDown()[pri:0, instance:TestCases.TestAccountLoginPage_TC002@1b835480]" started-at="2025-08-22T12:56:10 BDT" name="tearDown" finished-at="2025-08-22T12:56:11 BDT" duration-ms="227" status="PASS">
          <reporter-output>
          </reporter-output>
        </test-method> <!-- tearDown -->
      </class> <!-- TestCases.TestAccountLoginPage_TC002 -->
    </test> <!-- Linux-Chrome -->
  </suite> <!-- Suite -->
</testng-results>
